Traceback (most recent call last):
  File "/Users/phil/a50037/envs/ebp/lib/python3.7/site-packages/jupyter_cache/executors/basic.py", line 157, in execute
    executenb(nb_bundle.nb, cwd=tmpdirname)
  File "/Users/phil/a50037/envs/ebp/lib/python3.7/site-packages/nbconvert/preprocessors/execute.py", line 737, in executenb
    return ep.preprocess(nb, resources, km=km)[0]
  File "/Users/phil/a50037/envs/ebp/lib/python3.7/site-packages/nbconvert/preprocessors/execute.py", line 405, in preprocess
    nb, resources = super(ExecutePreprocessor, self).preprocess(nb, resources)
  File "/Users/phil/a50037/envs/ebp/lib/python3.7/site-packages/nbconvert/preprocessors/base.py", line 69, in preprocess
    nb.cells[index], resources = self.preprocess_cell(cell, resources, index)
  File "/Users/phil/a50037/envs/ebp/lib/python3.7/site-packages/nbconvert/preprocessors/execute.py", line 448, in preprocess_cell
    raise CellExecutionError.from_cell_and_msg(cell, out)
nbconvert.preprocessors.execute.CellExecutionError: An error occurred while executing the following cell:
------------------
import random
import numpy as np
import quantecon as qe
------------------

[0;31m---------------------------------------------------------------------------[0m
[0;31mModuleNotFoundError[0m                       Traceback (most recent call last)
[0;32m<ipython-input-5-8edfa11cb582>[0m in [0;36m<module>[0;34m[0m
[1;32m      1[0m [0;32mimport[0m [0mrandom[0m[0;34m[0m[0;34m[0m[0m
[1;32m      2[0m [0;32mimport[0m [0mnumpy[0m [0;32mas[0m [0mnp[0m[0;34m[0m[0;34m[0m[0m
[0;32m----> 3[0;31m [0;32mimport[0m [0mquantecon[0m [0;32mas[0m [0mqe[0m[0;34m[0m[0;34m[0m[0m
[0m
[0;32m~/a50037/envs/ebp/lib/python3.7/site-packages/quantecon/__init__.py[0m in [0;36m<module>[0;34m[0m
[1;32m     13[0m [0;31m#-Modules-#[0m[0;34m[0m[0;34m[0m[0;34m[0m[0m
[1;32m     14[0m [0;32mfrom[0m [0;34m.[0m [0;32mimport[0m [0mdistributions[0m[0;34m[0m[0;34m[0m[0m
[0;32m---> 15[0;31m [0;32mfrom[0m [0;34m.[0m [0;32mimport[0m [0mgame_theory[0m[0;34m[0m[0;34m[0m[0m
[0m[1;32m     16[0m [0;32mfrom[0m [0;34m.[0m [0;32mimport[0m [0mquad[0m[0;34m[0m[0;34m[0m[0m
[1;32m     17[0m [0;32mfrom[0m [0;34m.[0m [0;32mimport[0m [0mrandom[0m[0;34m[0m[0;34m[0m[0m

[0;32m~/a50037/envs/ebp/lib/python3.7/site-packages/quantecon/game_theory/__init__.py[0m in [0;36m<module>[0;34m[0m
[1;32m     10[0m )
[1;32m     11[0m [0;32mfrom[0m [0;34m.[0m[0mpure_nash[0m [0;32mimport[0m [0mpure_nash_brute[0m[0;34m,[0m [0mpure_nash_brute_gen[0m[0;34m[0m[0;34m[0m[0m
[0;32m---> 12[0;31m [0;32mfrom[0m [0;34m.[0m[0msupport_enumeration[0m [0;32mimport[0m [0msupport_enumeration[0m[0;34m,[0m [0msupport_enumeration_gen[0m[0;34m[0m[0;34m[0m[0m
[0m[1;32m     13[0m [0;32mfrom[0m [0;34m.[0m[0mlemke_howson[0m [0;32mimport[0m [0mlemke_howson[0m[0;34m[0m[0;34m[0m[0m
[1;32m     14[0m [0;32mfrom[0m [0;34m.[0m[0mmclennan_tourky[0m [0;32mimport[0m [0mmclennan_tourky[0m[0;34m[0m[0;34m[0m[0m

[0;32m~/a50037/envs/ebp/lib/python3.7/site-packages/quantecon/game_theory/support_enumeration.py[0m in [0;36m<module>[0;34m[0m
[1;32m     12[0m [0;32mimport[0m [0mnumpy[0m [0;32mas[0m [0mnp[0m[0;34m[0m[0;34m[0m[0m
[1;32m     13[0m [0;32mfrom[0m [0mnumba[0m [0;32mimport[0m [0mjit[0m[0;34m[0m[0;34m[0m[0m
[0;32m---> 14[0;31m [0;32mfrom[0m [0;34m.[0m[0;34m.[0m[0mutil[0m[0;34m.[0m[0mnumba[0m [0;32mimport[0m [0m_numba_linalg_solve[0m[0;34m[0m[0;34m[0m[0m
[0m[1;32m     15[0m [0;32mfrom[0m [0;34m.[0m[0;34m.[0m[0mutil[0m[0;34m.[0m[0mcombinatorics[0m [0;32mimport[0m [0mnext_k_array[0m[0;34m[0m[0;34m[0m[0m
[1;32m     16[0m [0;34m[0m[0m

[0;32m~/a50037/envs/ebp/lib/python3.7/site-packages/quantecon/util/numba.py[0m in [0;36m<module>[0;34m[0m
[1;32m      5[0m [0;32mimport[0m [0mnumpy[0m [0;32mas[0m [0mnp[0m[0;34m[0m[0;34m[0m[0m
[1;32m      6[0m [0;32mfrom[0m [0mnumba[0m [0;32mimport[0m [0mjit[0m[0;34m,[0m [0mgenerated_jit[0m[0;34m,[0m [0mtypes[0m[0;34m[0m[0;34m[0m[0m
[0;32m----> 7[0;31m [0;32mfrom[0m [0mnumba[0m[0;34m.[0m[0mtargets[0m[0;34m.[0m[0mlinalg[0m [0;32mimport[0m [0m_LAPACK[0m[0;34m[0m[0;34m[0m[0m
[0m[1;32m      8[0m [0;34m[0m[0m
[1;32m      9[0m [0;34m[0m[0m

[0;31mModuleNotFoundError[0m: No module named 'numba.targets.linalg'
ModuleNotFoundError: No module named 'numba.targets.linalg'

